# JRE version: Java(TM) SE Runtime Environment (8.0_144-b01) (build 1.8.0_144-b01)
# Java VM: Java HotSpot(TM) 64-Bit Server VM (25.144-b01 mixed mode bsd-amd64 compressed oops)
Heap:
 PSYoungGen      total 60416K, used 17282K [0x0000000795580000, 0x0000000799c80000, 0x00000007c0000000)
  eden space 59392K, 28% used [0x0000000795580000,0x00000007965d8bb8,0x0000000798f80000)
  from space 1024K, 53% used [0x0000000799b80000,0x0000000799c08000,0x0000000799c80000)
  to   space 5120K, 0% used [0x0000000799280000,0x0000000799280000,0x0000000799780000)
 ParOldGen       total 53760K, used 1930K [0x0000000740000000, 0x0000000743480000, 0x0000000795580000)
  object space 53760K, 3% used [0x0000000740000000,0x00000007401e2b78,0x0000000743480000)
 Metaspace       used 10533K, capacity 10725K, committed 11008K, reserved 1058816K
  class space    used 1086K, capacity 1163K, committed 1280K, reserved 1048576K
GC Heap History (10 events):
Event: 1.323 GC heap before
{Heap before GC invocations=1 (full 0):
 PSYoungGen      total 38400K, used 31691K [0x0000000795580000, 0x0000000798000000, 0x00000007c0000000)
  eden space 33280K, 95% used [0x0000000795580000,0x0000000797472fb0,0x0000000797600000)
  from space 5120K, 0% used [0x0000000797b00000,0x0000000797b00000,0x0000000798000000)
  to   space 5120K, 0% used [0x0000000797600000,0x0000000797600000,0x0000000797b00000)
 ParOldGen       total 87552K, used 0K [0x0000000740000000, 0x0000000745580000, 0x0000000795580000)
  object space 87552K, 0% used [0x0000000740000000,0x0000000740000000,0x0000000745580000)
 Metaspace       used 9706K, capacity 9881K, committed 10112K, reserved 1058816K
  class space    used 1034K, capacity 1117K, committed 1152K, reserved 1048576K
Event: 1.331 GC heap after
Heap after GC invocations=1 (full 0):
 PSYoungGen      total 38400K, used 3551K [0x0000000795580000, 0x0000000798000000, 0x00000007c0000000)
  eden space 33280K, 0% used [0x0000000795580000,0x0000000795580000,0x0000000797600000)
  from space 5120K, 69% used [0x0000000797600000,0x0000000797977f18,0x0000000797b00000)
  to   space 5120K, 0% used [0x0000000797b00000,0x0000000797b00000,0x0000000798000000)
 ParOldGen       total 87552K, used 8200K [0x0000000740000000, 0x0000000745580000, 0x0000000795580000)
  object space 87552K, 9% used [0x0000000740000000,0x0000000740802010,0x0000000745580000)
 Metaspace       used 9706K, capacity 9881K, committed 10112K, reserved 1058816K
  class space    used 1034K, capacity 1117K, committed 1152K, reserved 1048576K
}
Event: 1.639 GC heap before
{Heap before GC invocations=2 (full 0):
 PSYoungGen      total 38400K, used 36667K [0x0000000795580000, 0x0000000798000000, 0x00000007c0000000)
  eden space 33280K, 99% used [0x0000000795580000,0x00000007975d6f98,0x0000000797600000)
  from space 5120K, 69% used [0x0000000797600000,0x0000000797977f18,0x0000000797b00000)
  to   space 5120K, 0% used [0x0000000797b00000,0x0000000797b00000,0x0000000798000000)
 ParOldGen       total 87552K, used 8200K [0x0000000740000000, 0x0000000745580000, 0x0000000795580000)
  object space 87552K, 9% used [0x0000000740000000,0x0000000740802010,0x0000000745580000)
 Metaspace       used 9718K, capacity 9881K, committed 10112K, reserved 1058816K
  class space    used 1035K, capacity 1117K, committed 1152K, reserved 1048576K
Event: 1.643 GC heap after
Heap after GC invocations=2 (full 0):
 PSYoungGen      total 38400K, used 2556K [0x0000000795580000, 0x0000000798000000, 0x00000007c0000000)
  eden space 33280K, 0% used [0x0000000795580000,0x0000000795580000,0x0000000797600000)
  from space 5120K, 49% used [0x0000000797b00000,0x0000000797d7f070,0x0000000798000000)
  to   space 5120K, 0% used [0x0000000797600000,0x0000000797600000,0x0000000797b00000)
 ParOldGen       total 87552K, used 8208K [0x0000000740000000, 0x0000000745580000, 0x0000000795580000)
  object space 87552K, 9% used [0x0000000740000000,0x0000000740804010,0x0000000745580000)
 Metaspace       used 9718K, capacity 9881K, committed 10112K, reserved 1058816K
  class space    used 1035K, capacity 1117K, committed 1152K, reserved 1048576K
}
Event: 2.044 GC heap before
{Heap before GC invocations=3 (full 0):
 PSYoungGen      total 38400K, used 19731K [0x0000000795580000, 0x0000000798000000, 0x00000007c0000000)
  eden space 33280K, 51% used [0x0000000795580000,0x0000000796645b98,0x0000000797600000)
  from space 5120K, 49% used [0x0000000797b00000,0x0000000797d7f070,0x0000000798000000)
  to   space 5120K, 0% used [0x0000000797600000,0x0000000797600000,0x0000000797b00000)
 ParOldGen       total 87552K, used 8208K [0x0000000740000000, 0x0000000745580000, 0x0000000795580000)
  object space 87552K, 9% used [0x0000000740000000,0x0000000740804010,0x0000000745580000)
 Metaspace       used 9736K, capacity 9881K, committed 10112K, reserved 1058816K
  class space    used 1038K, capacity 1117K, committed 1152K, reserved 1048576K
Event: 2.051 GC heap after
Heap after GC invocations=3 (full 0):
 PSYoungGen      total 38400K, used 2275K [0x0000000795580000, 0x000000079a080000, 0x00000007c0000000)
  eden space 33280K, 0% used [0x0000000795580000,0x0000000795580000,0x0000000797600000)
  from space 5120K, 44% used [0x0000000797600000,0x0000000797838de8,0x0000000797b00000)
  to   space 5120K, 0% used [0x0000000799b80000,0x0000000799b80000,0x000000079a080000)
 ParOldGen       total 87552K, used 16408K [0x0000000740000000, 0x0000000745580000, 0x0000000795580000)
  object space 87552K, 18% used [0x0000000740000000,0x0000000741006020,0x0000000745580000)
 Metaspace       used 9736K, capacity 9881K, committed 10112K, reserved 1058816K
  class space    used 1038K, capacity 1117K, committed 1152K, reserved 1048576K
}
Event: 5.087 GC heap before
{Heap before GC invocations=4 (full 1):
 PSYoungGen      total 38400K, used 35555K [0x0000000795580000, 0x000000079a080000, 0x00000007c0000000)
  eden space 33280K, 100% used [0x0000000795580000,0x0000000797600000,0x0000000797600000)
  from space 5120K, 44% used [0x0000000797600000,0x0000000797838de8,0x0000000797b00000)
  to   space 5120K, 0% used [0x0000000799b80000,0x0000000799b80000,0x000000079a080000)
 ParOldGen       total 87552K, used 80132K [0x0000000740000000, 0x0000000745580000, 0x0000000795580000)
  object space 87552K, 91% used [0x0000000740000000,0x0000000744e41040,0x0000000745580000)
 Metaspace       used 9851K, capacity 10009K, committed 10112K, reserved 1058816K
  class space    used 1040K, capacity 1117K, committed 1152K, reserved 1048576K
Event: 5.100 GC heap after
Heap after GC invocations=4 (full 1):
 PSYoungGen      total 38400K, used 0K [0x0000000795580000, 0x000000079a080000, 0x00000007c0000000)
  eden space 33280K, 0% used [0x0000000795580000,0x0000000795580000,0x0000000797600000)
  from space 5120K, 0% used [0x0000000797600000,0x0000000797600000,0x0000000797b00000)
  to   space 5120K, 0% used [0x0000000799b80000,0x0000000799b80000,0x000000079a080000)
 ParOldGen       total 53760K, used 1922K [0x0000000740000000, 0x0000000743480000, 0x0000000795580000)
  object space 53760K, 3% used [0x0000000740000000,0x00000007401e0b78,0x0000000743480000)
 Metaspace       used 9851K, capacity 10009K, committed 10112K, reserved 1058816K
  class space    used 1040K, capacity 1117K, committed 1152K, reserved 1048576K
}
Event: 8.640 GC heap before
{Heap before GC invocations=5 (full 1):
 PSYoungGen      total 38400K, used 33280K [0x0000000795580000, 0x000000079a080000, 0x00000007c0000000)
  eden space 33280K, 100% used [0x0000000795580000,0x0000000797600000,0x0000000797600000)
  from space 5120K, 0% used [0x0000000797600000,0x0000000797600000,0x0000000797b00000)
  to   space 5120K, 0% used [0x0000000799b80000,0x0000000799b80000,0x000000079a080000)
 ParOldGen       total 53760K, used 1922K [0x0000000740000000, 0x0000000743480000, 0x0000000795580000)
  object space 53760K, 3% used [0x0000000740000000,0x00000007401e0b78,0x0000000743480000)
 Metaspace       used 9934K, capacity 10137K, committed 10368K, reserved 1058816K
  class space    used 1040K, capacity 1117K, committed 1152K, reserved 1048576K
Event: 8.642 GC heap after
Heap after GC invocations=5 (full 1):
 PSYoungGen      total 60416K, used 544K [0x0000000795580000, 0x0000000799c80000, 0x00000007c0000000)
  eden space 59392K, 0% used [0x0000000795580000,0x0000000795580000,0x0000000798f80000)
  from space 1024K, 53% used [0x0000000799b80000,0x0000000799c08000,0x0000000799c80000)
  to   space 5120K, 0% used [0x0000000799280000,0x0000000799280000,0x0000000799780000)
 ParOldGen       total 53760K, used 1930K [0x0000000740000000, 0x0000000743480000, 0x0000000795580000)
  object space 53760K, 3% used [0x0000000740000000,0x00000007401e2b78,0x0000000743480000)
 Metaspace       used 9934K, capacity 10137K, committed 10368K, reserved 1058816K
  class space    used 1040K, capacity 1117K, committed 1152K, reserved 1048576K
}

