# JRE version: Java(TM) SE Runtime Environment (8.0_144-b01) (build 1.8.0_144-b01)
# Java VM: Java HotSpot(TM) 64-Bit Server VM (25.144-b01 mixed mode bsd-amd64 compressed oops)
Heap:
 PSYoungGen      total 31232K, used 15721K [0x0000000795580000, 0x0000000797a80000, 0x00000007c0000000)
  eden space 30720K, 49% used [0x0000000795580000,0x0000000796462718,0x0000000797380000)
  from space 512K, 93% used [0x0000000797400000,0x0000000797478000,0x0000000797480000)
  to   space 3584K, 0% used [0x0000000797700000,0x0000000797700000,0x0000000797a80000)
 ParOldGen       total 87552K, used 1761K [0x0000000740000000, 0x0000000745580000, 0x0000000795580000)
  object space 87552K, 2% used [0x0000000740000000,0x00000007401b86d8,0x0000000745580000)
 Metaspace       used 9634K, capacity 9861K, committed 10112K, reserved 1058816K
  class space    used 1002K, capacity 1085K, committed 1152K, reserved 1048576K
GC Heap History (10 events):
Event: 23.490 GC heap before
{Heap before GC invocations=5 (full 0):
 PSYoungGen      total 38400K, used 35488K [0x0000000795580000, 0x0000000798000000, 0x00000007c0000000)
  eden space 33280K, 100% used [0x0000000795580000,0x0000000797600000,0x0000000797600000)
  from space 5120K, 43% used [0x0000000797b00000,0x0000000797d28020,0x0000000798000000)
  to   space 5120K, 0% used [0x0000000797600000,0x0000000797600000,0x0000000797b00000)
 ParOldGen       total 87552K, used 40K [0x0000000740000000, 0x0000000745580000, 0x0000000795580000)
  object space 87552K, 0% used [0x0000000740000000,0x000000074000a000,0x0000000745580000)
 Metaspace       used 9623K, capacity 9861K, committed 10112K, reserved 1058816K
  class space    used 1002K, capacity 1085K, committed 1152K, reserved 1048576K
Event: 23.493 GC heap after
Heap after GC invocations=5 (full 0):
 PSYoungGen      total 35328K, used 2208K [0x0000000795580000, 0x0000000797b80000, 0x00000007c0000000)
  eden space 32768K, 0% used [0x0000000795580000,0x0000000795580000,0x0000000797580000)
  from space 2560K, 86% used [0x0000000797600000,0x0000000797828000,0x0000000797880000)
  to   space 3072K, 0% used [0x0000000797880000,0x0000000797880000,0x0000000797b80000)
 ParOldGen       total 87552K, used 48K [0x0000000740000000, 0x0000000745580000, 0x0000000795580000)
  object space 87552K, 0% used [0x0000000740000000,0x000000074000c000,0x0000000745580000)
 Metaspace       used 9623K, capacity 9861K, committed 10112K, reserved 1058816K
  class space    used 1002K, capacity 1085K, committed 1152K, reserved 1048576K
}
Event: 26.092 GC heap before
{Heap before GC invocations=6 (full 0):
 PSYoungGen      total 35328K, used 34976K [0x0000000795580000, 0x0000000797b80000, 0x00000007c0000000)
  eden space 32768K, 100% used [0x0000000795580000,0x0000000797580000,0x0000000797580000)
  from space 2560K, 86% used [0x0000000797600000,0x0000000797828000,0x0000000797880000)
  to   space 3072K, 0% used [0x0000000797880000,0x0000000797880000,0x0000000797b80000)
 ParOldGen       total 87552K, used 48K [0x0000000740000000, 0x0000000745580000, 0x0000000795580000)
  object space 87552K, 0% used [0x0000000740000000,0x000000074000c000,0x0000000745580000)
 Metaspace       used 9623K, capacity 9861K, committed 10112K, reserved 1058816K
  class space    used 1002K, capacity 1085K, committed 1152K, reserved 1048576K
Event: 26.095 GC heap after
Heap after GC invocations=6 (full 0):
 PSYoungGen      total 34816K, used 2208K [0x0000000795580000, 0x0000000797b00000, 0x00000007c0000000)
  eden space 32256K, 0% used [0x0000000795580000,0x0000000795580000,0x0000000797500000)
  from space 2560K, 86% used [0x0000000797880000,0x0000000797aa8020,0x0000000797b00000)
  to   space 3072K, 0% used [0x0000000797500000,0x0000000797500000,0x0000000797800000)
 ParOldGen       total 87552K, used 56K [0x0000000740000000, 0x0000000745580000, 0x0000000795580000)
  object space 87552K, 0% used [0x0000000740000000,0x000000074000e000,0x0000000745580000)
 Metaspace       used 9623K, capacity 9861K, committed 10112K, reserved 1058816K
  class space    used 1002K, capacity 1085K, committed 1152K, reserved 1048576K
}
Event: 28.462 GC heap before
{Heap before GC invocations=7 (full 0):
 PSYoungGen      total 34816K, used 34464K [0x0000000795580000, 0x0000000797b00000, 0x00000007c0000000)
  eden space 32256K, 100% used [0x0000000795580000,0x0000000797500000,0x0000000797500000)
  from space 2560K, 86% used [0x0000000797880000,0x0000000797aa8020,0x0000000797b00000)
  to   space 3072K, 0% used [0x0000000797500000,0x0000000797500000,0x0000000797800000)
 ParOldGen       total 87552K, used 56K [0x0000000740000000, 0x0000000745580000, 0x0000000795580000)
  object space 87552K, 0% used [0x0000000740000000,0x000000074000e000,0x0000000745580000)
 Metaspace       used 9626K, capacity 9861K, committed 10112K, reserved 1058816K
  class space    used 1002K, capacity 1085K, committed 1152K, reserved 1048576K
Event: 28.466 GC heap after
Heap after GC invocations=7 (full 0):
 PSYoungGen      total 32768K, used 576K [0x0000000795580000, 0x0000000797a80000, 0x00000007c0000000)
  eden space 31744K, 0% used [0x0000000795580000,0x0000000795580000,0x0000000797480000)
  from space 1024K, 56% used [0x0000000797500000,0x0000000797590000,0x0000000797600000)
  to   space 3072K, 0% used [0x0000000797780000,0x0000000797780000,0x0000000797a80000)
 ParOldGen       total 87552K, used 1705K [0x0000000740000000, 0x0000000745580000, 0x0000000795580000)
  object space 87552K, 1% used [0x0000000740000000,0x00000007401aa6d8,0x0000000745580000)
 Metaspace       used 9626K, capacity 9861K, committed 10112K, reserved 1058816K
  class space    used 1002K, capacity 1085K, committed 1152K, reserved 1048576K
}
Event: 30.747 GC heap before
{Heap before GC invocations=8 (full 0):
 PSYoungGen      total 32768K, used 32320K [0x0000000795580000, 0x0000000797a80000, 0x00000007c0000000)
  eden space 31744K, 100% used [0x0000000795580000,0x0000000797480000,0x0000000797480000)
  from space 1024K, 56% used [0x0000000797500000,0x0000000797590000,0x0000000797600000)
  to   space 3072K, 0% used [0x0000000797780000,0x0000000797780000,0x0000000797a80000)
 ParOldGen       total 87552K, used 1705K [0x0000000740000000, 0x0000000745580000, 0x0000000795580000)
  object space 87552K, 1% used [0x0000000740000000,0x00000007401aa6d8,0x0000000745580000)
 Metaspace       used 9628K, capacity 9861K, committed 10112K, reserved 1058816K
  class space    used 1002K, capacity 1085K, committed 1152K, reserved 1048576K
Event: 30.749 GC heap after
Heap after GC invocations=8 (full 0):
 PSYoungGen      total 34304K, used 544K [0x0000000795580000, 0x0000000797b00000, 0x00000007c0000000)
  eden space 31232K, 0% used [0x0000000795580000,0x0000000795580000,0x0000000797400000)
  from space 3072K, 17% used [0x0000000797780000,0x0000000797808000,0x0000000797a80000)
  to   space 3584K, 0% used [0x0000000797400000,0x0000000797400000,0x0000000797780000)
 ParOldGen       total 87552K, used 1737K [0x0000000740000000, 0x0000000745580000, 0x0000000795580000)
  object space 87552K, 1% used [0x0000000740000000,0x00000007401b26d8,0x0000000745580000)
 Metaspace       used 9628K, capacity 9861K, committed 10112K, reserved 1058816K
  class space    used 1002K, capacity 1085K, committed 1152K, reserved 1048576K
}
Event: 32.950 GC heap before
{Heap before GC invocations=9 (full 0):
 PSYoungGen      total 34304K, used 31776K [0x0000000795580000, 0x0000000797b00000, 0x00000007c0000000)
  eden space 31232K, 100% used [0x0000000795580000,0x0000000797400000,0x0000000797400000)
  from space 3072K, 17% used [0x0000000797780000,0x0000000797808000,0x0000000797a80000)
  to   space 3584K, 0% used [0x0000000797400000,0x0000000797400000,0x0000000797780000)
 ParOldGen       total 87552K, used 1737K [0x0000000740000000, 0x0000000745580000, 0x0000000795580000)
  object space 87552K, 1% used [0x0000000740000000,0x00000007401b26d8,0x0000000745580000)
 Metaspace       used 9628K, capacity 9861K, committed 10112K, reserved 1058816K
  class space    used 1002K, capacity 1085K, committed 1152K, reserved 1048576K
Event: 32.952 GC heap after
Heap after GC invocations=9 (full 0):
 PSYoungGen      total 31232K, used 480K [0x0000000795580000, 0x0000000797a80000, 0x00000007c0000000)
  eden space 30720K, 0% used [0x0000000795580000,0x0000000795580000,0x0000000797380000)
  from space 512K, 93% used [0x0000000797400000,0x0000000797478000,0x0000000797480000)
  to   space 3584K, 0% used [0x0000000797700000,0x0000000797700000,0x0000000797a80000)
 ParOldGen       total 87552K, used 1761K [0x0000000740000000, 0x0000000745580000, 0x0000000795580000)
  object space 87552K, 2% used [0x0000000740000000,0x00000007401b86d8,0x0000000745580000)
 Metaspace       used 9628K, capacity 9861K, committed 10112K, reserved 1058816K
  class space    used 1002K, capacity 1085K, committed 1152K, reserved 1048576K
}

