# JRE version: Java(TM) SE Runtime Environment (8.0_144-b01) (build 1.8.0_144-b01)
# Java VM: Java HotSpot(TM) 64-Bit Server VM (25.144-b01 mixed mode bsd-amd64 compressed oops)
Heap:
 PSYoungGen      total 32768K, used 9286K [0x0000000795580000, 0x0000000797b80000, 0x00000007c0000000)
  eden space 31744K, 26% used [0x0000000795580000,0x0000000795db9b28,0x0000000797480000)
  from space 1024K, 84% used [0x0000000797500000,0x00000007975d8000,0x0000000797600000)
  to   space 3584K, 0% used [0x0000000797800000,0x0000000797800000,0x0000000797b80000)
 ParOldGen       total 87552K, used 9982K [0x0000000740000000, 0x0000000745580000, 0x0000000795580000)
  object space 87552K, 11% used [0x0000000740000000,0x00000007409bfa68,0x0000000745580000)
 Metaspace       used 10628K, capacity 10789K, committed 11008K, reserved 1058816K
  class space    used 1080K, capacity 1163K, committed 1280K, reserved 1048576K
GC Heap History (10 events):
Event: 16.332 GC heap before
{Heap before GC invocations=3 (full 0):
 PSYoungGen      total 38400K, used 35170K [0x0000000795580000, 0x0000000798000000, 0x00000007c0000000)
  eden space 33280K, 100% used [0x0000000795580000,0x0000000797600000,0x0000000797600000)
  from space 5120K, 36% used [0x0000000797b00000,0x0000000797cd8900,0x0000000798000000)
  to   space 5120K, 0% used [0x0000000797600000,0x0000000797600000,0x0000000797b00000)
 ParOldGen       total 87552K, used 8208K [0x0000000740000000, 0x0000000745580000, 0x0000000795580000)
  object space 87552K, 9% used [0x0000000740000000,0x0000000740804010,0x0000000745580000)
 Metaspace       used 10032K, capacity 10201K, committed 10368K, reserved 1058816K
  class space    used 1034K, capacity 1117K, committed 1152K, reserved 1048576K
Event: 16.336 GC heap after
Heap after GC invocations=3 (full 0):
 PSYoungGen      total 38400K, used 2256K [0x0000000795580000, 0x0000000798000000, 0x00000007c0000000)
  eden space 33280K, 0% used [0x0000000795580000,0x0000000795580000,0x0000000797600000)
  from space 5120K, 44% used [0x0000000797600000,0x0000000797834010,0x0000000797b00000)
  to   space 5120K, 0% used [0x0000000797b00000,0x0000000797b00000,0x0000000798000000)
 ParOldGen       total 87552K, used 8216K [0x0000000740000000, 0x0000000745580000, 0x0000000795580000)
  object space 87552K, 9% used [0x0000000740000000,0x0000000740806010,0x0000000745580000)
 Metaspace       used 10032K, capacity 10201K, committed 10368K, reserved 1058816K
  class space    used 1034K, capacity 1117K, committed 1152K, reserved 1048576K
}
Event: 19.250 GC heap before
{Heap before GC invocations=4 (full 0):
 PSYoungGen      total 38400K, used 35536K [0x0000000795580000, 0x0000000798000000, 0x00000007c0000000)
  eden space 33280K, 100% used [0x0000000795580000,0x0000000797600000,0x0000000797600000)
  from space 5120K, 44% used [0x0000000797600000,0x0000000797834010,0x0000000797b00000)
  to   space 5120K, 0% used [0x0000000797b00000,0x0000000797b00000,0x0000000798000000)
 ParOldGen       total 87552K, used 8216K [0x0000000740000000, 0x0000000745580000, 0x0000000795580000)
  object space 87552K, 9% used [0x0000000740000000,0x0000000740806010,0x0000000745580000)
 Metaspace       used 10062K, capacity 10201K, committed 10368K, reserved 1058816K
  class space    used 1034K, capacity 1117K, committed 1152K, reserved 1048576K
Event: 19.253 GC heap after
Heap after GC invocations=4 (full 0):
 PSYoungGen      total 38400K, used 2288K [0x0000000795580000, 0x0000000798000000, 0x00000007c0000000)
  eden space 33280K, 0% used [0x0000000795580000,0x0000000795580000,0x0000000797600000)
  from space 5120K, 44% used [0x0000000797b00000,0x0000000797d3c010,0x0000000798000000)
  to   space 5120K, 0% used [0x0000000797600000,0x0000000797600000,0x0000000797b00000)
 ParOldGen       total 87552K, used 8224K [0x0000000740000000, 0x0000000745580000, 0x0000000795580000)
  object space 87552K, 9% used [0x0000000740000000,0x0000000740808010,0x0000000745580000)
 Metaspace       used 10062K, capacity 10201K, committed 10368K, reserved 1058816K
  class space    used 1034K, capacity 1117K, committed 1152K, reserved 1048576K
}
Event: 21.736 GC heap before
{Heap before GC invocations=5 (full 0):
 PSYoungGen      total 38400K, used 35568K [0x0000000795580000, 0x0000000798000000, 0x00000007c0000000)
  eden space 33280K, 100% used [0x0000000795580000,0x0000000797600000,0x0000000797600000)
  from space 5120K, 44% used [0x0000000797b00000,0x0000000797d3c010,0x0000000798000000)
  to   space 5120K, 0% used [0x0000000797600000,0x0000000797600000,0x0000000797b00000)
 ParOldGen       total 87552K, used 8224K [0x0000000740000000, 0x0000000745580000, 0x0000000795580000)
  object space 87552K, 9% used [0x0000000740000000,0x0000000740808010,0x0000000745580000)
 Metaspace       used 10073K, capacity 10265K, committed 10368K, reserved 1058816K
  class space    used 1034K, capacity 1117K, committed 1152K, reserved 1048576K
Event: 21.739 GC heap after
Heap after GC invocations=5 (full 0):
 PSYoungGen      total 35328K, used 2288K [0x0000000795580000, 0x0000000797c80000, 0x00000007c0000000)
  eden space 32768K, 0% used [0x0000000795580000,0x0000000795580000,0x0000000797580000)
  from space 2560K, 89% used [0x0000000797600000,0x000000079783c010,0x0000000797880000)
  to   space 3584K, 0% used [0x0000000797900000,0x0000000797900000,0x0000000797c80000)
 ParOldGen       total 87552K, used 8232K [0x0000000740000000, 0x0000000745580000, 0x0000000795580000)
  object space 87552K, 9% used [0x0000000740000000,0x000000074080a010,0x0000000745580000)
 Metaspace       used 10073K, capacity 10265K, committed 10368K, reserved 1058816K
  class space    used 1034K, capacity 1117K, committed 1152K, reserved 1048576K
}
Event: 24.289 GC heap before
{Heap before GC invocations=6 (full 0):
 PSYoungGen      total 35328K, used 35056K [0x0000000795580000, 0x0000000797c80000, 0x00000007c0000000)
  eden space 32768K, 100% used [0x0000000795580000,0x0000000797580000,0x0000000797580000)
  from space 2560K, 89% used [0x0000000797600000,0x000000079783c010,0x0000000797880000)
  to   space 3584K, 0% used [0x0000000797900000,0x0000000797900000,0x0000000797c80000)
 ParOldGen       total 87552K, used 8232K [0x0000000740000000, 0x0000000745580000, 0x0000000795580000)
  object space 87552K, 9% used [0x0000000740000000,0x000000074080a010,0x0000000745580000)
 Metaspace       used 10073K, capacity 10265K, committed 10368K, reserved 1058816K
  class space    used 1034K, capacity 1117K, committed 1152K, reserved 1048576K
Event: 24.292 GC heap after
Heap after GC invocations=6 (full 0):
 PSYoungGen      total 35328K, used 2352K [0x0000000795580000, 0x0000000797c00000, 0x00000007c0000000)
  eden space 32256K, 0% used [0x0000000795580000,0x0000000795580000,0x0000000797500000)
  from space 3072K, 76% used [0x0000000797900000,0x0000000797b4c010,0x0000000797c00000)
  to   space 3584K, 0% used [0x0000000797500000,0x0000000797500000,0x0000000797880000)
 ParOldGen       total 87552K, used 8240K [0x0000000740000000, 0x0000000745580000, 0x0000000795580000)
  object space 87552K, 9% used [0x0000000740000000,0x000000074080c010,0x0000000745580000)
 Metaspace       used 10073K, capacity 10265K, committed 10368K, reserved 1058816K
  class space    used 1034K, capacity 1117K, committed 1152K, reserved 1048576K
}
Event: 28.960 GC heap before
{Heap before GC invocations=7 (full 0):
 PSYoungGen      total 35328K, used 34608K [0x0000000795580000, 0x0000000797c00000, 0x00000007c0000000)
  eden space 32256K, 100% used [0x0000000795580000,0x0000000797500000,0x0000000797500000)
  from space 3072K, 76% used [0x0000000797900000,0x0000000797b4c010,0x0000000797c00000)
  to   space 3584K, 0% used [0x0000000797500000,0x0000000797500000,0x0000000797880000)
 ParOldGen       total 87552K, used 8240K [0x0000000740000000, 0x0000000745580000, 0x0000000795580000)
  object space 87552K, 9% used [0x0000000740000000,0x000000074080c010,0x0000000745580000)
 Metaspace       used 10605K, capacity 10789K, committed 11008K, reserved 1058816K
  class space    used 1080K, capacity 1163K, committed 1280K, reserved 1048576K
Event: 28.964 GC heap after
Heap after GC invocations=7 (full 0):
 PSYoungGen      total 32768K, used 864K [0x0000000795580000, 0x0000000797b80000, 0x00000007c0000000)
  eden space 31744K, 0% used [0x0000000795580000,0x0000000795580000,0x0000000797480000)
  from space 1024K, 84% used [0x0000000797500000,0x00000007975d8000,0x0000000797600000)
  to   space 3584K, 0% used [0x0000000797800000,0x0000000797800000,0x0000000797b80000)
 ParOldGen       total 87552K, used 9982K [0x0000000740000000, 0x0000000745580000, 0x0000000795580000)
  object space 87552K, 11% used [0x0000000740000000,0x00000007409bfa68,0x0000000745580000)
 Metaspace       used 10605K, capacity 10789K, committed 11008K, reserved 1058816K
  class space    used 1080K, capacity 1163K, committed 1280K, reserved 1048576K
}

